make all --print-data-base --no-builtin-variables --no-builtin-rules --question
make: *** No rule to make target 'all'.  Stop.
 
# GNU Make 4.3
# Built for x86_64-pc-linux-gnu
# Copyright (C) 1988-2020 Free Software Foundation, Inc.
# License GPLv3+: GNU GPL version 3 or later <http://gnu.org/licenses/gpl.html>
# This is free software: you are free to change and redistribute it.
# There is NO WARRANTY, to the extent permitted by law.

# Make data base, printed on Tue Feb 22 16:14:33 2022

# Variables

# environment
ELECTRON_ENABLE_LOGGING = 1
# environment
JAVA_HOME = /usr/lib/jvm/default-runtime
# environment
GDK_BACKEND = wayland
# environment
LC_ALL = C
# environment
NO_AT_BRIDGE = 1
# environment
TERMINATOR_DBUS_NAME = net.tenshu.Terminator25ef4b219e3b005583550f2b0f9f990c3
# environment
VSCODE_IPC_HOOK_EXTHOST = /run/user/1000/vscode-ipc-8a812ad3-7e19-4d24-a54c-b2df83b69c40.sock
# environment
VSCODE_CWD = /home/silas/.config/qtile/WIP
# environment
TERMINATOR_UUID = urn:uuid:48b98f22-a29c-4faa-ac71-0fbf661c37c3
# default
MAKE_COMMAND := make
# automatic
@D = $(patsubst %/,%,$(dir $@))
# environment
VSCODE_HANDLES_UNCAUGHT_ERRORS = true
# default
.VARIABLES := 
# environment
PWD = /home/silas/.config/qtile/mywidget
# automatic
%D = $(patsubst %/,%,$(dir $%))
# environment
MAIL = /var/spool/mail/silas
# environment
XDG_DATA_DIRS = /home/silas/.local/share/flatpak/exports/share:/var/lib/flatpak/exports/share:/usr/local/share/:/usr/share/
# environment
OLDPWD = /home/silas/.config/qtile
# automatic
^D = $(patsubst %/,%,$(dir $^))
# environment
VSCODE_LOG_STACK = false
# automatic
%F = $(notdir $%)
# environment
VSCODE_CODE_CACHE_PATH = /home/silas/.config/Code - OSS/CachedData/f80445acd5a3dadef24aa209168452a3d97cc326
# environment
LANG = C
# default
.LOADED := 
# default
.INCLUDE_DIRS = /usr/include /usr/local/include /usr/include
# makefile
MAKEFLAGS = pqrR
# environment
TERMINATOR_DBUS_PATH = /net/tenshu/Terminator2
# makefile
CURDIR := /home/silas/.config/qtile/mywidget
# environment
VSCODE_PIPE_LOGGING = true
# environment
_ble_util_fd_zero = 34
# environment
APPLICATION_INSIGHTS_NO_DIAGNOSTIC_CHANNEL = true
# environment
_ble_util_fd_stdout = 31
# automatic
*D = $(patsubst %/,%,$(dir $*))
# environment
_ble_util_fd_null = 33
# environment
MFLAGS = -pqrR
# default
.SHELLFLAGS := -c
# environment
WAYLAND_DISPLAY = wayland-0
# automatic
+D = $(patsubst %/,%,$(dir $+))
# environment
VSCODE_CRASH_REPORTER_START_OPTIONS = {"companyName":"Microsoft","productName":"Code - OSS","submitURL":"","uploadToServer":false}
# makefile
MAKEFILE_LIST := 
# automatic
@F = $(notdir $@)
# environment
VSCODE_VERBOSE_LOGGING = true
# environment
VSCODE_PID = 16605
# environment
MOZ_ENABLE_WAYLAND = 1
# environment
XDG_SESSION_TYPE = wayland
# automatic
?D = $(patsubst %/,%,$(dir $?))
# environment
CLUTTER_BACKEND = wayland
# automatic
*F = $(notdir $*)
# environment
CHROME_DESKTOP = code-oss.desktop
# environment
DBUS_SESSION_BUS_ADDRESS = unix:path=/run/user/1000/bus
# automatic
<D = $(patsubst %/,%,$(dir $<))
# environment
VSCODE_NLS_CONFIG = {"locale":"de","availableLanguages":{"*":"de"},"_languagePackId":"755a06243e8c88c1d52d40031adecf5a.de","_translationsConfigFile":"/home/silas/.config/Code - OSS/clp/755a06243e8c88c1d52d40031adecf5a.de/tcf.json","_cacheRoot":"/home/silas/.config/Code - OSS/clp/755a06243e8c88c1d52d40031adecf5a.de","_resolvedLanguagePackCoreLocation":"/home/silas/.config/Code - OSS/clp/755a06243e8c88c1d52d40031adecf5a.de/f80445acd5a3dadef24aa209168452a3d97cc326","_corruptedFile":"/home/silas/.config/Code - OSS/clp/755a06243e8c88c1d52d40031adecf5a.de/corrupted.info","_languagePackSupport":true}
# environment
BREAKPAD_DUMP_LOCATION = /home/silas/.config/Code - OSS/exthost Crash Reports
# environment
ANDROID_SDK_ROOT = /home/silas/Android/Sdk
# default
MAKE_HOST := x86_64-pc-linux-gnu
# environment
ANDROID_HOME = /home/silas/Android/Sdk
# makefile
SHELL = /bin/sh
# environment
_ble_util_fd_stdin = 30
# default
MAKECMDGOALS := all
# environment
QT_QPA_PLATFORM = wayland
# environment
SDL_VIDEODRIVER = wayland
# environment
SHLVL = 2
# environment
MAKELEVEL := 0
# default
MAKE = $(MAKE_COMMAND)
# environment
FLUTTER_HOME = /opt/flutter
# environment
PATH = /home/silas/.cargo/bin:/usr/local/sbin:/usr/local/bin:/usr/bin:/opt/android-sdk/platform-tools:/opt/android-sdk/tools:/opt/android-sdk/tools/bin:/home/silas/.local/share/flatpak/exports/bin:/opt/flutter/bin:/usr/lib/jvm/default/bin:/usr/bin/site_perl:/usr/bin/vendor_perl:/usr/bin/core_perl:/opt/resolve/bin:/home/silas/.local/bin:/opt/resolve/bin
# default
MAKEFILES := 
# environment
MOTD_SHOWN = pam
# automatic
^F = $(notdir $^)
# environment
INVOCATION_ID = 3ae94bb2c33548cdb32441de76b50a81
# environment
VSCODE_LOG_NATIVE = false
# automatic
?F = $(notdir $?)
# environment
XDG_SEAT = seat0
# automatic
+F = $(notdir $+)
# environment
ORIGINAL_XDG_CURRENT_DESKTOP = undefined
# 'override' directive
GNUMAKEFLAGS := 
# environment
LOGNAME = silas
# environment
XDG_VTNR = 2
# makefile
.DEFAULT_GOAL := 
# environment
SYSTEMD_EXEC_PID = 840
# environment
DISPLAY = :0
# environment
USER = silas
# default
MAKE_VERSION := 4.3
# environment
XKB_DEFAULT_LAYOUT = de
# environment
_ = /usr/bin/make
# environment
XDG_RUNTIME_DIR = /run/user/1000
# environment
COLORTERM = truecolor
# environment
XDG_SESSION_CLASS = user
# environment
WLR_NO_HARDWARE_CURSORS = 1
# environment
VSCODE_AMD_ENTRYPOINT = vs/workbench/services/extensions/node/extensionHostProcess
# environment
HOME = /home/silas
# environment
ELECTRON_RUN_AS_NODE = 1
# environment
VSCODE_IPC_HOOK = /run/user/1000/vscode-fcdcb007-1.64.2-main.sock
# environment
TERM = xterm-256color
# environment
XDG_SESSION_ID = 1
# environment
_ble_util_fd_stderr = 32
# default
.RECIPEPREFIX := 
# automatic
<F = $(notdir $<)
# default
SUFFIXES := 
# environment
VSCODE_CLI = 1
# environment
ELECTRON_NO_ATTACH_CONSOLE = 1
# environment
VTE_VERSION = 6602
# default
.FEATURES := target-specific order-only second-expansion else-if shortest-stem undefine oneshell nocomment grouped-target extra-prereqs archives jobserver output-sync check-symlink guile load
# variable set hash-table stats:
# Load=103/1024=10%, Rehash=0, Collisions=4/130=3%

# Pattern-specific Variable Values

# No pattern-specific variable values.

# Directories

# . (device 2049, inode 6816502): 10 files, no impossibilities.

# 10 files, no impossibilities in 1 directories.

# Implicit Rules

# No implicit rules.

# Files

# Not a target:
Makefile:
#  Implicit rule search has been done.
#  File does not exist.
#  File has been updated.
#  Failed to be updated.

# Not a target:
.DEFAULT:
#  Implicit rule search has not been done.
#  Modification time never checked.
#  File has not been updated.

# Not a target:
all:
#  Command line target.
#  Implicit rule search has been done.
#  File does not exist.
#  File has not been updated.

# Not a target:
makefile:
#  Implicit rule search has been done.
#  File does not exist.
#  File has been updated.
#  Failed to be updated.

# Not a target:
GNUmakefile:
#  Implicit rule search has been done.
#  File does not exist.
#  File has been updated.
#  Failed to be updated.

# files hash-table stats:
# Load=6/1024=1%, Rehash=0, Collisions=0/15=0%
# VPATH Search Paths

# No 'vpath' search paths.

# No general ('VPATH' variable) search path.

# strcache buffers: 1 (0) / strings = 18 / storage = 186 B / avg = 10 B
# current buf: size = 8162 B / used = 186 B / count = 18 / avg = 10 B

# strcache performance: lookups = 21 / hit rate = 14%
# hash-table stats:
 
# Load=18/8192=0%, Rehash=0, Collisions=0/21=0%
# Finished Make data base on Tue Feb 22 16:14:33 2022

 
